#Histogram         :
0 0.192480
1 0.151040
2 0.118550
3 0.093870
4 0.071710
5 0.055030
6 0.043030
7 0.033250
8 0.025280
9 0.019470
10 0.016200
11 0.013930
12 0.011310
13 0.009220
14 0.006960
15 0.005140
16 0.003920
17 0.002830
18 0.002470
19 0.002280
20 0.002060
21 0.001930
22 0.001690
23 0.001280
24 0.000950
25 0.000720
26 0.000720
27 0.000700
28 0.000540
29 0.000340
30 0.000190
31 0.000150
32 0.000170
33 0.000140
34 0.000110
35 0.000090
36 0.000110
37 0.000100
38 0.000040
39 0.000000
40 0.000000
41 0.000000
42 0.000000
43 0.000000
44 0.000000
45 0.000000
46 0.000000
47 0.000000
48 0.000000
49 0.000000
50 0.000000
51 0.000000
52 0.000000
53 0.000000
54 0.000000
55 0.000000
56 0.000000
57 0.000000
58 0.000000
59 0.000000
60 0.000000
61 0.000000
62 0.000000
63 0.000000
64 0.000000
65 0.000000
66 0.000000
67 0.000000
68 0.000000
69 0.000000
70 0.000000
71 0.000000
72 0.000000
73 0.000000
74 0.000000
75 0.000000
76 0.000000
77 0.000000
78 0.000000
79 0.000000
80 0.000000
81 0.000000
82 0.000000
83 0.000000
84 0.000000
85 0.000000
86 0.000000
87 0.000000
88 0.000000
89 0.000000
90 0.000000
91 0.000000
92 0.000000
93 0.000000
94 0.000000
95 0.000000
96 0.000000
97 0.000000
98 0.000000
99 0.000000

